<?xml version="1.0" encoding="UTF-8"?>
<!-- Generated by org.testng.reporters.JUnitReportReporter -->
<testsuite skipped="0" hostname="US5CD9011ZWZ" name="com.csagroup.test.CSAGroup.CSAOnDemandTest" tests="1" failures="0" timestamp="30 Dec 2019 20:35:13 GMT" time="103.354" errors="0">
  <testcase name="OnDemandVerification" time="103.354" classname="com.csagroup.test.CSAGroup.CSAOnDemandTest"/>
</testsuite> <!-- com.csagroup.test.CSAGroup.CSAOnDemandTest -->
