<?xml version="1.0" encoding="UTF-8"?>
<!-- Generated by org.testng.reporters.JUnitReportReporter -->
<testsuite skipped="0" hostname="LAPTOP-M6F29H3O" name="com.csagroup.SearchTestcases.SearchProductTerms" tests="3" failures="0" timestamp="04 Mar 2020 14:42:21 GMT" time="129.967" errors="0">
  <testcase name="productSearch" time="39.529" classname="com.csagroup.SearchTestcases.SearchProductTerms"/>
  <testcase name="productSearch" time="38.054" classname="com.csagroup.SearchTestcases.SearchProductTerms"/>
  <testcase name="productSearch" time="52.384" classname="com.csagroup.SearchTestcases.SearchProductTerms"/>
</testsuite> <!-- com.csagroup.SearchTestcases.SearchProductTerms -->
