<?xml version="1.0" encoding="UTF-8"?>
<!-- Generated by org.testng.reporters.JUnitReportReporter -->
<testsuite skipped="0" hostname="LAPTOP-M6F29H3O" name="com.csagroup.RegisterTestcases.RegistrationXLData" tests="1" failures="0" timestamp="08 Feb 2020 05:30:34 GMT" time="688.625" errors="0">
  <testcase name="Registration" time="688.625" classname="com.csagroup.RegisterTestcases.RegistrationXLData"/>
</testsuite> <!-- com.csagroup.RegisterTestcases.RegistrationXLData -->
