<?xml version="1.0" encoding="UTF-8"?>
<!-- Generated by org.testng.reporters.JUnitReportReporter -->
<testsuite skipped="0" hostname="DESKTOP-J1AL87L" name="com.csagroup.test.CSAGroup.CSAOnDemand" tests="1" failures="0" timestamp="28 Dec 2019 08:36:21 GMT" time="147.612" errors="0">
  <testcase name="OnDemandVerification" time="147.612" classname="com.csagroup.test.CSAGroup.CSAOnDemand"/>
</testsuite> <!-- com.csagroup.test.CSAGroup.CSAOnDemand -->
