<?xml version="1.0" encoding="UTF-8"?>
<!-- Generated by org.testng.reporters.JUnitReportReporter -->
<testsuite skipped="0" hostname="DESKTOP-J1AL87L" name="com.csagroup.LoginTestcases.LoginCrossBrowser" tests="2" failures="0" timestamp="25 Dec 2019 10:08:38 GMT" time="118.975" errors="0">
  <testcase name="Loginverify" time="53.944" classname="com.csagroup.LoginTestcases.LoginCrossBrowser"/>
  <testcase name="Loginverify" time="65.031" classname="com.csagroup.LoginTestcases.LoginCrossBrowser"/>
</testsuite> <!-- com.csagroup.LoginTestcases.LoginCrossBrowser -->
